This file contains any messages produced by compilers while
running configure, to aid debugging if configure makes a mistake.

It was created by RT configure 3.1.1, which was
generated by GNU Autoconf 2.58.  Invocation command line was

  $ ./configure 

## --------- ##
## Platform. ##
## --------- ##

hostname = hostname
uname -m = Power Macintosh
uname -r = 6.8
uname -s = Darwin
uname -v = Darwin Kernel Version 6.8: Wed Sep 10 15:20:55 PDT 2003; root:xnu/xnu-344.49.obj~2/RELEASE_PPC 

/usr/bin/uname -p = powerpc
/bin/uname -X     = unknown

/bin/arch              = unknown
/usr/bin/arch -k       = unknown
/usr/convex/getsysinfo = unknown
hostinfo               = Mach kernel version:
	 Darwin Kernel Version 6.8:
Wed Sep 10 15:20:55 PDT 2003; root:xnu/xnu-344.49.obj~2/RELEASE_PPC


Kernel configured for a single processor only.
1 processor is physically available.
Processor type: ppc7450 (PowerPC 7450)
Processor active: 0
Primary memory available: 512.00 megabytes.
Default processor set: 82 tasks, 172 threads, 1 processors
Load average: 4.32, Mach factor: 0.18
unknown
/bin/machine           = unknown
/usr/bin/oslevel       = unknown
/bin/universe          = unknown

PATH: /Users/jesse/bin
PATH: /usr/local/bin
PATH: /opt/tla/bin
PATH: /sw/bin
PATH: /sw/sbin
PATH: /Users/jesse/bin
PATH: /usr/local/bin
PATH: /opt/tla/bin
PATH: /usr/bin
PATH: /bin
PATH: /usr/sbin
PATH: /sbin
PATH: /Users/jesse
PATH: /usr/X11R6/bin


## ----------- ##
## Core tests. ##
## ----------- ##

configure:1328: checking for a BSD-compatible install
configure:1383: result: /usr/bin/install -c
configure:1397: checking for perl
configure:1415: found /usr/local/bin/perl
configure:1428: result: /usr/local/bin/perl
configure:1750: checking for chosen layout
configure:1765: result: RT3
configure:2124: creating ./config.status

## ---------------------- ##
## Running config.status. ##
## ---------------------- ##

This file was extended by RT config.status 3.1.1, which was
generated by GNU Autoconf 2.58.  Invocation command line was

  CONFIG_FILES    = 
  CONFIG_HEADERS  = 
  CONFIG_LINKS    = 
  CONFIG_COMMANDS = 
  $ ./config.status 

on hostname

config.status:722: creating sbin/rt-setup-database
config.status:722: creating sbin/rt-test-dependencies
config.status:722: creating Makefile
config.status:722: creating etc/RT_Config.pm
config.status:722: creating lib/RT.pm
config.status:722: creating lib/t/00smoke.t
config.status:722: creating lib/t/01harness.t
config.status:722: creating lib/t/02regression.t
config.status:722: creating lib/t/03web.pl
config.status:722: creating lib/t/04_send_email.pl
config.status:722: creating bin/mason_handler.fcgi
config.status:722: creating bin/mason_handler.scgi
config.status:722: creating bin/mason_handler.svc
config.status:722: creating bin/rt-commit-handler
config.status:722: creating bin/rt-crontool
config.status:722: creating bin/rt-mailgate
config.status:722: creating bin/rt
config.status:722: creating bin/webmux.pl

## ---------------- ##
## Cache variables. ##
## ---------------- ##

ac_cv_env_PERL_set=
ac_cv_env_PERL_value=
ac_cv_env_build_alias_set=
ac_cv_env_build_alias_value=
ac_cv_env_host_alias_set=
ac_cv_env_host_alias_value=
ac_cv_env_target_alias_set=
ac_cv_env_target_alias_value=
ac_cv_path_PERL=/usr/local/bin/perl
ac_cv_path_install='/usr/bin/install -c'

## ----------------- ##
## Output variables. ##
## ----------------- ##

APACHECTL='/usr/sbin/apachectl'
BIN_OWNER='root'
CONFIG_FILE_PATH='/opt/rt3/etc'
DB_DATABASE='rt3'
DB_DBA='root'
DB_HOST='localhost'
DB_PORT=''
DB_RT_HOST='localhost'
DB_RT_PASS='rt_pass'
DB_RT_USER='rt_user'
DB_TYPE='mysql'
DEFS='-DPACKAGE_NAME=\"RT\" -DPACKAGE_TARNAME=\"rt\" -DPACKAGE_VERSION=\"3.1.1\" -DPACKAGE_STRING=\"RT\ 3.1.1\" -DPACKAGE_BUGREPORT=\"rt-3.1-bugs@fsck.com\" '
DESTDIR='/opt/rt3'
ECHO_C=''
ECHO_N='-n'
ECHO_T=''
INSTALL_DATA='${INSTALL} -m 644'
INSTALL_PROGRAM='${INSTALL}'
INSTALL_SCRIPT='${INSTALL}'
LIBOBJS=''
LIBS=''
LIBS_GROUP='bin'
LIBS_OWNER='root'
LOCAL_ETC_PATH='/opt/rt3/local/etc'
LOCAL_LEXICON_PATH='/opt/rt3/local/po'
LOCAL_LIB_PATH='/opt/rt3/local/lib'
LTLIBOBJS=''
MASON_DATA_PATH='/opt/rt3/var/mason_data'
MASON_HTML_PATH='/opt/rt3/share/html'
MASON_LOCAL_HTML_PATH='/opt/rt3/local/html'
MASON_SESSION_PATH='/opt/rt3/var/session_data'
ORACLE_ENV_PREF=''
PACKAGE_BUGREPORT='rt-3.1-bugs@fsck.com'
PACKAGE_NAME='RT'
PACKAGE_STRING='RT 3.1.1'
PACKAGE_TARNAME='rt'
PACKAGE_VERSION='3.1.1'
PATH_SEPARATOR=':'
PERL='/usr/local/bin/perl'
RTGROUP='rt'
RT_BIN_PATH='/opt/rt3/bin'
RT_DOC_PATH='/opt/rt3/share/doc'
RT_ETC_PATH='/opt/rt3/etc'
RT_LIB_PATH='/opt/rt3/lib'
RT_LOCAL_PATH='/opt/rt3/local'
RT_LOG_PATH='/opt/rt3/var/log'
RT_MAN_PATH='/opt/rt3/man'
RT_PATH='/opt/rt3'
RT_SBIN_PATH='/opt/rt3/sbin'
RT_VAR_PATH='/opt/rt3/var'
RT_VERSION_MAJOR='3'
RT_VERSION_MINOR='1'
RT_VERSION_PATCH='1'
SHELL='/bin/sh'
SPEEDY_BIN='/usr/local/bin/speedy'
WEB_GROUP='www'
WEB_USER='www'
bindir='/opt/rt3/bin'
build_alias=''
customdir='/opt/rt3/local'
custometcdir='/opt/rt3/local/etc'
customhtmldir='/opt/rt3/local/html'
customlexdir='/opt/rt3/local/po'
customlibdir='/opt/rt3/local/lib'
datadir='/opt/rt3/share'
exec_prefix='/opt/rt3'
exp_bindir='/opt/rt3/bin'
exp_customdir='/opt/rt3/local'
exp_custometcdir='/opt/rt3/local/etc'
exp_customhtmldir='/opt/rt3/local/html'
exp_customlexdir='/opt/rt3/local/po'
exp_customlibdir='/opt/rt3/local/lib'
exp_datadir='/opt/rt3/share'
exp_exec_prefix='/opt/rt3'
exp_htmldir='/opt/rt3/share/html'
exp_libdir='/opt/rt3/lib'
exp_localstatedir='/opt/rt3/var'
exp_logfiledir='/opt/rt3/var/log'
exp_mandir='/opt/rt3/man'
exp_manualdir='/opt/rt3/share/doc'
exp_masonstatedir='/opt/rt3/var/mason_data'
exp_prefix='/opt/rt3'
exp_sbindir='/opt/rt3/sbin'
exp_sessionstatedir='/opt/rt3/var/session_data'
exp_sysconfdir='/opt/rt3/etc'
host_alias=''
htmldir='/opt/rt3/share/html'
includedir='${prefix}/include'
infodir='${prefix}/info'
libdir='/opt/rt3/lib'
libexecdir='${exec_prefix}/libexec'
localstatedir='/opt/rt3/var'
logfiledir='/opt/rt3/var/log'
mandir='/opt/rt3/man'
manualdir='/opt/rt3/share/doc'
masonstatedir='/opt/rt3/var/mason_data'
oldincludedir='/usr/include'
prefix='/opt/rt3'
program_transform_name='s,x,x,'
rt_layout_name='RT3'
rt_version_major='3'
rt_version_minor='1'
rt_version_patch='1'
sbindir='/opt/rt3/sbin'
sessionstatedir='/opt/rt3/var/session_data'
sharedstatedir='${prefix}/com'
sysconfdir='/opt/rt3/etc'
target_alias=''

## ----------- ##
## confdefs.h. ##
## ----------- ##

#define PACKAGE_BUGREPORT "rt-3.1-bugs@fsck.com"
#define PACKAGE_NAME "RT"
#define PACKAGE_STRING "RT 3.1.1"
#define PACKAGE_TARNAME "rt"
#define PACKAGE_VERSION "3.1.1"

configure: exit 0
