[Wed Sep  5 07:13:24 2007] [debug]: About to think about scrips for transaction #21 (/Users/jesse/svk/rt4/rt3-jiftyfied/lib/RT/Model/Transaction.pm:355)
[Wed Sep  5 07:13:24 2007] [debug]: About to think about scrips for transaction #22 (/Users/jesse/svk/rt4/rt3-jiftyfied/lib/RT/Model/Transaction.pm:355)
[Wed Sep  5 07:13:24 2007] [debug]: About to think about scrips for transaction #23 (/Users/jesse/svk/rt4/rt3-jiftyfied/lib/RT/Model/Transaction.pm:355)
[Wed Sep  5 07:13:24 2007] [debug]: About to think about scrips for transaction #24 (/Users/jesse/svk/rt4/rt3-jiftyfied/lib/RT/Model/Transaction.pm:355)
[Wed Sep  5 07:13:25 2007] [debug]: About to think about scrips for transaction #25 (/Users/jesse/svk/rt4/rt3-jiftyfied/lib/RT/Model/Transaction.pm:355)
[Wed Sep  5 07:13:25 2007] [debug]: About to prepare scrips for transaction #25 (/Users/jesse/svk/rt4/rt3-jiftyfied/lib/RT/Model/Transaction.pm:359)
[Wed Sep  5 07:13:25 2007] [debug]: Found 2 scrips (/Users/jesse/svk/rt4/rt3-jiftyfied/lib/RT/Model/Scrips_Overlay.pm:357)
[Wed Sep  5 07:13:25 2007] [debug]: About to commit scrips for transaction #25 (/Users/jesse/svk/rt4/rt3-jiftyfied/lib/RT/Model/Transaction.pm:367)
[Wed Sep  5 07:13:25 2007] [info]: <rt-3.7.14-19409-1188976405-1684.1-3-0@example.com> #1/25 - Scrip 3  (/Users/jesse/svk/rt4/rt3-jiftyfied/lib/RT/Action/SendEmail.pm:274)
[Wed Sep  5 07:13:25 2007] [info]: <rt-3.7.14-19409-1188976405-1684.1-3-0@example.com> No recipients found. Not sending. (/Users/jesse/svk/rt4/rt3-jiftyfied/lib/RT/Interface/Email.pm:363)
[Wed Sep  5 07:13:25 2007] [info]: Ticket 1 Created in queue 'General' by RT_System (/Users/jesse/svk/rt4/rt3-jiftyfied/lib/RT/Model/Ticket.pm:706)
[Wed Sep  5 07:13:25 2007] [debug]: About to think about scrips for transaction #26 (/Users/jesse/svk/rt4/rt3-jiftyfied/lib/RT/Model/Transaction.pm:355)
[Wed Sep  5 07:13:25 2007] [debug]: About to think about scrips for transaction #27 (/Users/jesse/svk/rt4/rt3-jiftyfied/lib/RT/Model/Transaction.pm:355)
[Wed Sep  5 07:13:25 2007] [debug]: About to think about scrips for transaction #28 (/Users/jesse/svk/rt4/rt3-jiftyfied/lib/RT/Model/Transaction.pm:355)
[Wed Sep  5 07:13:25 2007] [debug]: About to think about scrips for transaction #29 (/Users/jesse/svk/rt4/rt3-jiftyfied/lib/RT/Model/Transaction.pm:355)
[Wed Sep  5 07:13:25 2007] [debug]: About to think about scrips for transaction #30 (/Users/jesse/svk/rt4/rt3-jiftyfied/lib/RT/Model/Transaction.pm:355)
[Wed Sep  5 07:13:25 2007] [debug]: About to prepare scrips for transaction #30 (/Users/jesse/svk/rt4/rt3-jiftyfied/lib/RT/Model/Transaction.pm:359)
[Wed Sep  5 07:13:25 2007] [debug]: Found 1 scrips (/Users/jesse/svk/rt4/rt3-jiftyfied/lib/RT/Model/Scrips_Overlay.pm:357)
[Wed Sep  5 07:13:25 2007] [debug]: About to commit scrips for transaction #30 (/Users/jesse/svk/rt4/rt3-jiftyfied/lib/RT/Model/Transaction.pm:367)
[Wed Sep  5 07:13:25 2007] [debug]: About to think about scrips for transaction #31 (/Users/jesse/svk/rt4/rt3-jiftyfied/lib/RT/Model/Transaction.pm:355)
[Wed Sep  5 07:13:25 2007] [debug]: About to prepare scrips for transaction #31 (/Users/jesse/svk/rt4/rt3-jiftyfied/lib/RT/Model/Transaction.pm:359)
[Wed Sep  5 07:13:25 2007] [debug]: Found 2 scrips (/Users/jesse/svk/rt4/rt3-jiftyfied/lib/RT/Model/Scrips_Overlay.pm:357)
[Wed Sep  5 07:13:25 2007] [debug]: About to commit scrips for transaction #31 (/Users/jesse/svk/rt4/rt3-jiftyfied/lib/RT/Model/Transaction.pm:367)
[Wed Sep  5 07:13:25 2007] [info]: <rt-3.7.14-19409-1188976405-1181.2-3-0@example.com> #2/31 - Scrip 3  (/Users/jesse/svk/rt4/rt3-jiftyfied/lib/RT/Action/SendEmail.pm:274)
[Wed Sep  5 07:13:25 2007] [info]: <rt-3.7.14-19409-1188976405-1181.2-3-0@example.com> No recipients found. Not sending. (/Users/jesse/svk/rt4/rt3-jiftyfied/lib/RT/Interface/Email.pm:363)
[Wed Sep  5 07:13:25 2007] [info]: Ticket 2 Created in queue 'General' by RT_System (/Users/jesse/svk/rt4/rt3-jiftyfied/lib/RT/Model/Ticket.pm:706)
[Wed Sep  5 07:13:25 2007] [warning]: my page is 1 at /Users/jesse/svk/rt4/rt3-jiftyfied/lib/RT/Shredder/Plugin/Base/Search.pm line 129. (t/shredder/utils.pl:129)
[Wed Sep  5 07:13:25 2007] [warning]: my page is 2 at /Users/jesse/svk/rt4/rt3-jiftyfied/lib/RT/Shredder/Plugin/Base/Search.pm line 129. (t/shredder/utils.pl:129)
[Wed Sep  5 07:13:25 2007] [warning]: my page is 2 at /Users/jesse/svk/rt4/rt3-jiftyfied/lib/RT/Shredder/Plugin/Base/Search.pm line 129. (t/shredder/utils.pl:129)
[Wed Sep  5 07:13:25 2007] [warning]: my page is 3 at /Users/jesse/svk/rt4/rt3-jiftyfied/lib/RT/Shredder/Plugin/Base/Search.pm line 129. (t/shredder/utils.pl:129)
[Wed Sep  5 07:13:25 2007] [warning]: my page is 3 at /Users/jesse/svk/rt4/rt3-jiftyfied/lib/RT/Shredder/Plugin/Base/Search.pm line 129. (t/shredder/utils.pl:129)
[Wed Sep  5 07:13:25 2007] [warning]: my page is 4 at /Users/jesse/svk/rt4/rt3-jiftyfied/lib/RT/Shredder/Plugin/Base/Search.pm line 129. (t/shredder/utils.pl:129)
[Wed Sep  5 07:13:25 2007] [warning]: my page is 4 at /Users/jesse/svk/rt4/rt3-jiftyfied/lib/RT/Shredder/Plugin/Base/Search.pm line 129. (t/shredder/utils.pl:129)
[Wed Sep  5 07:13:25 2007] [warning]: my page is 4 at /Users/jesse/svk/rt4/rt3-jiftyfied/lib/RT/Shredder/Plugin/Base/Search.pm line 129. (t/shredder/utils.pl:129)
[Wed Sep  5 07:13:25 2007] [warning]: my page is 4 at /Users/jesse/svk/rt4/rt3-jiftyfied/lib/RT/Shredder/Plugin/Base/Search.pm line 129. (t/shredder/utils.pl:129)
[Wed Sep  5 07:13:25 2007] [warning]: RT::Model::CachedGroupMember-39 wiped out (/Users/jesse/svk/rt4/rt3-jiftyfied/lib/RT/Shredder/Record.pm:235)
[Wed Sep  5 07:13:25 2007] [warning]: RT::Model::Transaction-29 wiped out (/Users/jesse/svk/rt4/rt3-jiftyfied/lib/RT/Shredder/Record.pm:235)
[Wed Sep  5 07:13:25 2007] [warning]: RT::Model::Group-29 wiped out (/Users/jesse/svk/rt4/rt3-jiftyfied/lib/RT/Shredder/Record.pm:235)
[Wed Sep  5 07:13:25 2007] [warning]: RT::Model::Principal-29 wiped out (/Users/jesse/svk/rt4/rt3-jiftyfied/lib/RT/Shredder/Record.pm:235)
[Wed Sep  5 07:13:25 2007] [warning]: RT::Model::CachedGroupMember-38 wiped out (/Users/jesse/svk/rt4/rt3-jiftyfied/lib/RT/Shredder/Record.pm:235)
[Wed Sep  5 07:13:25 2007] [warning]: RT::Model::Transaction-28 wiped out (/Users/jesse/svk/rt4/rt3-jiftyfied/lib/RT/Shredder/Record.pm:235)
[Wed Sep  5 07:13:25 2007] [warning]: RT::Model::Group-28 wiped out (/Users/jesse/svk/rt4/rt3-jiftyfied/lib/RT/Shredder/Record.pm:235)
[Wed Sep  5 07:13:25 2007] [warning]: RT::Model::Principal-28 wiped out (/Users/jesse/svk/rt4/rt3-jiftyfied/lib/RT/Shredder/Record.pm:235)
[Wed Sep  5 07:13:25 2007] [warning]: RT::Model::CachedGroupMember-40 wiped out (/Users/jesse/svk/rt4/rt3-jiftyfied/lib/RT/Shredder/Record.pm:235)
[Wed Sep  5 07:13:25 2007] [warning]: RT::Model::CachedGroupMember-41 wiped out (/Users/jesse/svk/rt4/rt3-jiftyfied/lib/RT/Shredder/Record.pm:235)
[Wed Sep  5 07:13:25 2007] [warning]: RT::Model::GroupMember-9 wiped out (/Users/jesse/svk/rt4/rt3-jiftyfied/lib/RT/Shredder/Record.pm:235)
[Wed Sep  5 07:13:25 2007] [warning]: RT::Model::CachedGroupMember-37 wiped out (/Users/jesse/svk/rt4/rt3-jiftyfied/lib/RT/Shredder/Record.pm:235)
[Wed Sep  5 07:13:25 2007] [warning]: RT::Model::Transaction-27 wiped out (/Users/jesse/svk/rt4/rt3-jiftyfied/lib/RT/Shredder/Record.pm:235)
[Wed Sep  5 07:13:25 2007] [warning]: RT::Model::Group-27 wiped out (/Users/jesse/svk/rt4/rt3-jiftyfied/lib/RT/Shredder/Record.pm:235)
[Wed Sep  5 07:13:25 2007] [warning]: RT::Model::Principal-27 wiped out (/Users/jesse/svk/rt4/rt3-jiftyfied/lib/RT/Shredder/Record.pm:235)
[Wed Sep  5 07:13:25 2007] [warning]: RT::Model::CachedGroupMember-36 wiped out (/Users/jesse/svk/rt4/rt3-jiftyfied/lib/RT/Shredder/Record.pm:235)
[Wed Sep  5 07:13:25 2007] [warning]: RT::Model::Transaction-26 wiped out (/Users/jesse/svk/rt4/rt3-jiftyfied/lib/RT/Shredder/Record.pm:235)
[Wed Sep  5 07:13:25 2007] [warning]: RT::Model::Group-26 wiped out (/Users/jesse/svk/rt4/rt3-jiftyfied/lib/RT/Shredder/Record.pm:235)
[Wed Sep  5 07:13:25 2007] [warning]: RT::Model::Principal-26 wiped out (/Users/jesse/svk/rt4/rt3-jiftyfied/lib/RT/Shredder/Record.pm:235)
[Wed Sep  5 07:13:25 2007] [warning]: RT::Model::Transaction-31 wiped out (/Users/jesse/svk/rt4/rt3-jiftyfied/lib/RT/Shredder/Record.pm:235)
[Wed Sep  5 07:13:25 2007] [warning]: RT::Model::Link-1 wiped out (/Users/jesse/svk/rt4/rt3-jiftyfied/lib/RT/Shredder/Record.pm:235)
[Wed Sep  5 07:13:25 2007] [warning]: RT::Model::Transaction-30 wiped out (/Users/jesse/svk/rt4/rt3-jiftyfied/lib/RT/Shredder/Record.pm:235)
[Wed Sep  5 07:13:25 2007] [warning]: RT::Model::Ticket-2 wiped out (/Users/jesse/svk/rt4/rt3-jiftyfied/lib/RT/Shredder/Record.pm:235)
[Wed Sep  5 07:13:25 2007] [warning]: RT::Model::CachedGroupMember-33 wiped out (/Users/jesse/svk/rt4/rt3-jiftyfied/lib/RT/Shredder/Record.pm:235)
[Wed Sep  5 07:13:25 2007] [warning]: RT::Model::Transaction-24 wiped out (/Users/jesse/svk/rt4/rt3-jiftyfied/lib/RT/Shredder/Record.pm:235)
[Wed Sep  5 07:13:25 2007] [warning]: RT::Model::Group-25 wiped out (/Users/jesse/svk/rt4/rt3-jiftyfied/lib/RT/Shredder/Record.pm:235)
[Wed Sep  5 07:13:25 2007] [warning]: RT::Model::Principal-25 wiped out (/Users/jesse/svk/rt4/rt3-jiftyfied/lib/RT/Shredder/Record.pm:235)
[Wed Sep  5 07:13:25 2007] [warning]: RT::Model::CachedGroupMember-32 wiped out (/Users/jesse/svk/rt4/rt3-jiftyfied/lib/RT/Shredder/Record.pm:235)
[Wed Sep  5 07:13:25 2007] [warning]: RT::Model::Transaction-23 wiped out (/Users/jesse/svk/rt4/rt3-jiftyfied/lib/RT/Shredder/Record.pm:235)
[Wed Sep  5 07:13:25 2007] [warning]: RT::Model::Group-24 wiped out (/Users/jesse/svk/rt4/rt3-jiftyfied/lib/RT/Shredder/Record.pm:235)
[Wed Sep  5 07:13:25 2007] [warning]: RT::Model::Principal-24 wiped out (/Users/jesse/svk/rt4/rt3-jiftyfied/lib/RT/Shredder/Record.pm:235)
[Wed Sep  5 07:13:25 2007] [warning]: RT::Model::CachedGroupMember-34 wiped out (/Users/jesse/svk/rt4/rt3-jiftyfied/lib/RT/Shredder/Record.pm:235)
[Wed Sep  5 07:13:25 2007] [warning]: RT::Model::CachedGroupMember-35 wiped out (/Users/jesse/svk/rt4/rt3-jiftyfied/lib/RT/Shredder/Record.pm:235)
[Wed Sep  5 07:13:25 2007] [warning]: RT::Model::GroupMember-8 wiped out (/Users/jesse/svk/rt4/rt3-jiftyfied/lib/RT/Shredder/Record.pm:235)
[Wed Sep  5 07:13:25 2007] [warning]: RT::Model::CachedGroupMember-31 wiped out (/Users/jesse/svk/rt4/rt3-jiftyfied/lib/RT/Shredder/Record.pm:235)
[Wed Sep  5 07:13:25 2007] [warning]: RT::Model::Transaction-22 wiped out (/Users/jesse/svk/rt4/rt3-jiftyfied/lib/RT/Shredder/Record.pm:235)
[Wed Sep  5 07:13:25 2007] [warning]: RT::Model::Group-23 wiped out (/Users/jesse/svk/rt4/rt3-jiftyfied/lib/RT/Shredder/Record.pm:235)
[Wed Sep  5 07:13:25 2007] [warning]: RT::Model::Principal-23 wiped out (/Users/jesse/svk/rt4/rt3-jiftyfied/lib/RT/Shredder/Record.pm:235)
[Wed Sep  5 07:13:25 2007] [warning]: RT::Model::CachedGroupMember-30 wiped out (/Users/jesse/svk/rt4/rt3-jiftyfied/lib/RT/Shredder/Record.pm:235)
[Wed Sep  5 07:13:25 2007] [warning]: RT::Model::Transaction-21 wiped out (/Users/jesse/svk/rt4/rt3-jiftyfied/lib/RT/Shredder/Record.pm:235)
[Wed Sep  5 07:13:25 2007] [warning]: RT::Model::Group-22 wiped out (/Users/jesse/svk/rt4/rt3-jiftyfied/lib/RT/Shredder/Record.pm:235)
[Wed Sep  5 07:13:25 2007] [warning]: RT::Model::Principal-22 wiped out (/Users/jesse/svk/rt4/rt3-jiftyfied/lib/RT/Shredder/Record.pm:235)
[Wed Sep  5 07:13:25 2007] [warning]: RT::Model::Transaction-25 wiped out (/Users/jesse/svk/rt4/rt3-jiftyfied/lib/RT/Shredder/Record.pm:235)
[Wed Sep  5 07:13:25 2007] [warning]: RT::Model::Ticket-1 wiped out (/Users/jesse/svk/rt4/rt3-jiftyfied/lib/RT/Shredder/Record.pm:235)
[Wed Sep  5 07:13:26 2007] [debug]: About to think about scrips for transaction #21 (/Users/jesse/svk/rt4/rt3-jiftyfied/lib/RT/Model/Transaction.pm:355)
[Wed Sep  5 07:13:26 2007] [debug]: About to think about scrips for transaction #22 (/Users/jesse/svk/rt4/rt3-jiftyfied/lib/RT/Model/Transaction.pm:355)
[Wed Sep  5 07:13:26 2007] [debug]: About to think about scrips for transaction #23 (/Users/jesse/svk/rt4/rt3-jiftyfied/lib/RT/Model/Transaction.pm:355)
[Wed Sep  5 07:13:26 2007] [debug]: About to think about scrips for transaction #24 (/Users/jesse/svk/rt4/rt3-jiftyfied/lib/RT/Model/Transaction.pm:355)
[Wed Sep  5 07:13:26 2007] [debug]: About to think about scrips for transaction #25 (/Users/jesse/svk/rt4/rt3-jiftyfied/lib/RT/Model/Transaction.pm:355)
[Wed Sep  5 07:13:26 2007] [debug]: About to prepare scrips for transaction #25 (/Users/jesse/svk/rt4/rt3-jiftyfied/lib/RT/Model/Transaction.pm:359)
[Wed Sep  5 07:13:26 2007] [debug]: Found 2 scrips (/Users/jesse/svk/rt4/rt3-jiftyfied/lib/RT/Model/Scrips_Overlay.pm:357)
[Wed Sep  5 07:13:26 2007] [debug]: About to commit scrips for transaction #25 (/Users/jesse/svk/rt4/rt3-jiftyfied/lib/RT/Model/Transaction.pm:367)
[Wed Sep  5 07:13:26 2007] [info]: <rt-3.7.14-19409-1188976406-626.1-3-0@example.com> #1/25 - Scrip 3  (/Users/jesse/svk/rt4/rt3-jiftyfied/lib/RT/Action/SendEmail.pm:274)
[Wed Sep  5 07:13:26 2007] [info]: <rt-3.7.14-19409-1188976406-626.1-3-0@example.com> No recipients found. Not sending. (/Users/jesse/svk/rt4/rt3-jiftyfied/lib/RT/Interface/Email.pm:363)
[Wed Sep  5 07:13:26 2007] [info]: Ticket 1 Created in queue 'General' by RT_System (/Users/jesse/svk/rt4/rt3-jiftyfied/lib/RT/Model/Ticket.pm:706)
[Wed Sep  5 07:13:26 2007] [debug]: About to think about scrips for transaction #26 (/Users/jesse/svk/rt4/rt3-jiftyfied/lib/RT/Model/Transaction.pm:355)
[Wed Sep  5 07:13:26 2007] [debug]: About to think about scrips for transaction #27 (/Users/jesse/svk/rt4/rt3-jiftyfied/lib/RT/Model/Transaction.pm:355)
[Wed Sep  5 07:13:26 2007] [debug]: About to think about scrips for transaction #28 (/Users/jesse/svk/rt4/rt3-jiftyfied/lib/RT/Model/Transaction.pm:355)
[Wed Sep  5 07:13:26 2007] [debug]: About to think about scrips for transaction #29 (/Users/jesse/svk/rt4/rt3-jiftyfied/lib/RT/Model/Transaction.pm:355)
[Wed Sep  5 07:13:26 2007] [debug]: About to think about scrips for transaction #30 (/Users/jesse/svk/rt4/rt3-jiftyfied/lib/RT/Model/Transaction.pm:355)
[Wed Sep  5 07:13:26 2007] [debug]: About to prepare scrips for transaction #30 (/Users/jesse/svk/rt4/rt3-jiftyfied/lib/RT/Model/Transaction.pm:359)
[Wed Sep  5 07:13:26 2007] [debug]: Found 1 scrips (/Users/jesse/svk/rt4/rt3-jiftyfied/lib/RT/Model/Scrips_Overlay.pm:357)
[Wed Sep  5 07:13:26 2007] [debug]: About to commit scrips for transaction #30 (/Users/jesse/svk/rt4/rt3-jiftyfied/lib/RT/Model/Transaction.pm:367)
[Wed Sep  5 07:13:26 2007] [debug]: About to think about scrips for transaction #31 (/Users/jesse/svk/rt4/rt3-jiftyfied/lib/RT/Model/Transaction.pm:355)
[Wed Sep  5 07:13:26 2007] [debug]: About to prepare scrips for transaction #31 (/Users/jesse/svk/rt4/rt3-jiftyfied/lib/RT/Model/Transaction.pm:359)
[Wed Sep  5 07:13:26 2007] [debug]: Found 2 scrips (/Users/jesse/svk/rt4/rt3-jiftyfied/lib/RT/Model/Scrips_Overlay.pm:357)
[Wed Sep  5 07:13:26 2007] [debug]: About to commit scrips for transaction #31 (/Users/jesse/svk/rt4/rt3-jiftyfied/lib/RT/Model/Transaction.pm:367)
[Wed Sep  5 07:13:26 2007] [info]: <rt-3.7.14-19409-1188976406-1180.2-3-0@example.com> #2/31 - Scrip 3  (/Users/jesse/svk/rt4/rt3-jiftyfied/lib/RT/Action/SendEmail.pm:274)
[Wed Sep  5 07:13:26 2007] [info]: <rt-3.7.14-19409-1188976406-1180.2-3-0@example.com> No recipients found. Not sending. (/Users/jesse/svk/rt4/rt3-jiftyfied/lib/RT/Interface/Email.pm:363)
[Wed Sep  5 07:13:26 2007] [info]: Ticket 2 Created in queue 'General' by RT_System (/Users/jesse/svk/rt4/rt3-jiftyfied/lib/RT/Model/Ticket.pm:706)
[Wed Sep  5 07:13:26 2007] [debug]: About to think about scrips for transaction #32 (/Users/jesse/svk/rt4/rt3-jiftyfied/lib/RT/Model/Transaction.pm:355)
[Wed Sep  5 07:13:26 2007] [debug]: About to prepare scrips for transaction #32 (/Users/jesse/svk/rt4/rt3-jiftyfied/lib/RT/Model/Transaction.pm:359)
[Wed Sep  5 07:13:26 2007] [debug]: Found 1 scrips (/Users/jesse/svk/rt4/rt3-jiftyfied/lib/RT/Model/Scrips_Overlay.pm:357)
[Wed Sep  5 07:13:26 2007] [debug]: About to commit scrips for transaction #32 (/Users/jesse/svk/rt4/rt3-jiftyfied/lib/RT/Model/Transaction.pm:367)
[Wed Sep  5 07:13:26 2007] [debug]: About to think about scrips for transaction #33 (/Users/jesse/svk/rt4/rt3-jiftyfied/lib/RT/Model/Transaction.pm:355)
[Wed Sep  5 07:13:26 2007] [debug]: About to prepare scrips for transaction #33 (/Users/jesse/svk/rt4/rt3-jiftyfied/lib/RT/Model/Transaction.pm:359)
[Wed Sep  5 07:13:26 2007] [debug]: Found 1 scrips (/Users/jesse/svk/rt4/rt3-jiftyfied/lib/RT/Model/Scrips_Overlay.pm:357)
[Wed Sep  5 07:13:26 2007] [debug]: About to commit scrips for transaction #33 (/Users/jesse/svk/rt4/rt3-jiftyfied/lib/RT/Model/Transaction.pm:367)
[Wed Sep  5 07:13:26 2007] [warning]: my page is 4 at /Users/jesse/svk/rt4/rt3-jiftyfied/lib/RT/Shredder/Plugin/Base/Search.pm line 129. (t/shredder/utils.pl:129)
[Wed Sep  5 07:13:26 2007] [warning]: my page is 5 at /Users/jesse/svk/rt4/rt3-jiftyfied/lib/RT/Shredder/Plugin/Base/Search.pm line 129. (t/shredder/utils.pl:129)
[Wed Sep  5 07:13:26 2007] [warning]: my page is 5 at /Users/jesse/svk/rt4/rt3-jiftyfied/lib/RT/Shredder/Plugin/Base/Search.pm line 129. (t/shredder/utils.pl:129)
[Wed Sep  5 07:13:26 2007] [warning]: my page is 6 at /Users/jesse/svk/rt4/rt3-jiftyfied/lib/RT/Shredder/Plugin/Base/Search.pm line 129. (t/shredder/utils.pl:129)
[Wed Sep  5 07:13:26 2007] [warning]: my page is 6 at /Users/jesse/svk/rt4/rt3-jiftyfied/lib/RT/Shredder/Plugin/Base/Search.pm line 129. (t/shredder/utils.pl:129)
[Wed Sep  5 07:13:26 2007] [warning]: my page is 7 at /Users/jesse/svk/rt4/rt3-jiftyfied/lib/RT/Shredder/Plugin/Base/Search.pm line 129. (t/shredder/utils.pl:129)
[Wed Sep  5 07:13:26 2007] [warning]: my page is 7 at /Users/jesse/svk/rt4/rt3-jiftyfied/lib/RT/Shredder/Plugin/Base/Search.pm line 129. (t/shredder/utils.pl:129)
[Wed Sep  5 07:13:26 2007] [warning]: my page is 7 at /Users/jesse/svk/rt4/rt3-jiftyfied/lib/RT/Shredder/Plugin/Base/Search.pm line 129. (t/shredder/utils.pl:129)
[Wed Sep  5 07:13:26 2007] [warning]: my page is 7 at /Users/jesse/svk/rt4/rt3-jiftyfied/lib/RT/Shredder/Plugin/Base/Search.pm line 129. (t/shredder/utils.pl:129)
[Wed Sep  5 07:13:26 2007] [warning]: RT::Model::CachedGroupMember-39 wiped out (/Users/jesse/svk/rt4/rt3-jiftyfied/lib/RT/Shredder/Record.pm:235)
[Wed Sep  5 07:13:26 2007] [warning]: RT::Model::Transaction-29 wiped out (/Users/jesse/svk/rt4/rt3-jiftyfied/lib/RT/Shredder/Record.pm:235)
[Wed Sep  5 07:13:26 2007] [warning]: RT::Model::Group-29 wiped out (/Users/jesse/svk/rt4/rt3-jiftyfied/lib/RT/Shredder/Record.pm:235)
[Wed Sep  5 07:13:26 2007] [warning]: RT::Model::Principal-29 wiped out (/Users/jesse/svk/rt4/rt3-jiftyfied/lib/RT/Shredder/Record.pm:235)
[Wed Sep  5 07:13:26 2007] [warning]: RT::Model::CachedGroupMember-38 wiped out (/Users/jesse/svk/rt4/rt3-jiftyfied/lib/RT/Shredder/Record.pm:235)
[Wed Sep  5 07:13:26 2007] [warning]: RT::Model::Transaction-28 wiped out (/Users/jesse/svk/rt4/rt3-jiftyfied/lib/RT/Shredder/Record.pm:235)
[Wed Sep  5 07:13:26 2007] [warning]: RT::Model::Group-28 wiped out (/Users/jesse/svk/rt4/rt3-jiftyfied/lib/RT/Shredder/Record.pm:235)
[Wed Sep  5 07:13:26 2007] [warning]: RT::Model::Principal-28 wiped out (/Users/jesse/svk/rt4/rt3-jiftyfied/lib/RT/Shredder/Record.pm:235)
[Wed Sep  5 07:13:26 2007] [warning]: RT::Model::CachedGroupMember-40 wiped out (/Users/jesse/svk/rt4/rt3-jiftyfied/lib/RT/Shredder/Record.pm:235)
[Wed Sep  5 07:13:26 2007] [warning]: RT::Model::CachedGroupMember-41 wiped out (/Users/jesse/svk/rt4/rt3-jiftyfied/lib/RT/Shredder/Record.pm:235)
[Wed Sep  5 07:13:26 2007] [warning]: RT::Model::GroupMember-9 wiped out (/Users/jesse/svk/rt4/rt3-jiftyfied/lib/RT/Shredder/Record.pm:235)
[Wed Sep  5 07:13:26 2007] [warning]: RT::Model::CachedGroupMember-37 wiped out (/Users/jesse/svk/rt4/rt3-jiftyfied/lib/RT/Shredder/Record.pm:235)
[Wed Sep  5 07:13:26 2007] [warning]: RT::Model::Transaction-27 wiped out (/Users/jesse/svk/rt4/rt3-jiftyfied/lib/RT/Shredder/Record.pm:235)
[Wed Sep  5 07:13:26 2007] [warning]: RT::Model::Group-27 wiped out (/Users/jesse/svk/rt4/rt3-jiftyfied/lib/RT/Shredder/Record.pm:235)
[Wed Sep  5 07:13:26 2007] [warning]: RT::Model::Principal-27 wiped out (/Users/jesse/svk/rt4/rt3-jiftyfied/lib/RT/Shredder/Record.pm:235)
[Wed Sep  5 07:13:26 2007] [warning]: RT::Model::CachedGroupMember-36 wiped out (/Users/jesse/svk/rt4/rt3-jiftyfied/lib/RT/Shredder/Record.pm:235)
[Wed Sep  5 07:13:26 2007] [warning]: RT::Model::Transaction-26 wiped out (/Users/jesse/svk/rt4/rt3-jiftyfied/lib/RT/Shredder/Record.pm:235)
[Wed Sep  5 07:13:26 2007] [warning]: RT::Model::Group-26 wiped out (/Users/jesse/svk/rt4/rt3-jiftyfied/lib/RT/Shredder/Record.pm:235)
[Wed Sep  5 07:13:26 2007] [warning]: RT::Model::Principal-26 wiped out (/Users/jesse/svk/rt4/rt3-jiftyfied/lib/RT/Shredder/Record.pm:235)
[Wed Sep  5 07:13:26 2007] [warning]: RT::Model::Transaction-31 wiped out (/Users/jesse/svk/rt4/rt3-jiftyfied/lib/RT/Shredder/Record.pm:235)
[Wed Sep  5 07:13:26 2007] [warning]: RT::Model::Transaction-32 wiped out (/Users/jesse/svk/rt4/rt3-jiftyfied/lib/RT/Shredder/Record.pm:235)
[Wed Sep  5 07:13:26 2007] [warning]: RT::Model::Link-1 wiped out (/Users/jesse/svk/rt4/rt3-jiftyfied/lib/RT/Shredder/Record.pm:235)
[Wed Sep  5 07:13:26 2007] [warning]: RT::Model::Transaction-30 wiped out (/Users/jesse/svk/rt4/rt3-jiftyfied/lib/RT/Shredder/Record.pm:235)
[Wed Sep  5 07:13:26 2007] [warning]: RT::Model::Link-2 wiped out (/Users/jesse/svk/rt4/rt3-jiftyfied/lib/RT/Shredder/Record.pm:235)
[Wed Sep  5 07:13:26 2007] [warning]: RT::Model::Transaction-33 wiped out (/Users/jesse/svk/rt4/rt3-jiftyfied/lib/RT/Shredder/Record.pm:235)
[Wed Sep  5 07:13:26 2007] [warning]: RT::Model::Ticket-2 wiped out (/Users/jesse/svk/rt4/rt3-jiftyfied/lib/RT/Shredder/Record.pm:235)
[Wed Sep  5 07:13:26 2007] [warning]: RT::Model::CachedGroupMember-33 wiped out (/Users/jesse/svk/rt4/rt3-jiftyfied/lib/RT/Shredder/Record.pm:235)
[Wed Sep  5 07:13:26 2007] [warning]: RT::Model::Transaction-24 wiped out (/Users/jesse/svk/rt4/rt3-jiftyfied/lib/RT/Shredder/Record.pm:235)
[Wed Sep  5 07:13:26 2007] [warning]: RT::Model::Group-25 wiped out (/Users/jesse/svk/rt4/rt3-jiftyfied/lib/RT/Shredder/Record.pm:235)
[Wed Sep  5 07:13:26 2007] [warning]: RT::Model::Principal-25 wiped out (/Users/jesse/svk/rt4/rt3-jiftyfied/lib/RT/Shredder/Record.pm:235)
[Wed Sep  5 07:13:26 2007] [warning]: RT::Model::CachedGroupMember-32 wiped out (/Users/jesse/svk/rt4/rt3-jiftyfied/lib/RT/Shredder/Record.pm:235)
[Wed Sep  5 07:13:26 2007] [warning]: RT::Model::Transaction-23 wiped out (/Users/jesse/svk/rt4/rt3-jiftyfied/lib/RT/Shredder/Record.pm:235)
[Wed Sep  5 07:13:26 2007] [warning]: RT::Model::Group-24 wiped out (/Users/jesse/svk/rt4/rt3-jiftyfied/lib/RT/Shredder/Record.pm:235)
[Wed Sep  5 07:13:26 2007] [warning]: RT::Model::Principal-24 wiped out (/Users/jesse/svk/rt4/rt3-jiftyfied/lib/RT/Shredder/Record.pm:235)
[Wed Sep  5 07:13:27 2007] [warning]: RT::Model::CachedGroupMember-34 wiped out (/Users/jesse/svk/rt4/rt3-jiftyfied/lib/RT/Shredder/Record.pm:235)
[Wed Sep  5 07:13:27 2007] [warning]: RT::Model::CachedGroupMember-35 wiped out (/Users/jesse/svk/rt4/rt3-jiftyfied/lib/RT/Shredder/Record.pm:235)
[Wed Sep  5 07:13:27 2007] [warning]: RT::Model::GroupMember-8 wiped out (/Users/jesse/svk/rt4/rt3-jiftyfied/lib/RT/Shredder/Record.pm:235)
[Wed Sep  5 07:13:27 2007] [warning]: RT::Model::CachedGroupMember-31 wiped out (/Users/jesse/svk/rt4/rt3-jiftyfied/lib/RT/Shredder/Record.pm:235)
[Wed Sep  5 07:13:27 2007] [warning]: RT::Model::Transaction-22 wiped out (/Users/jesse/svk/rt4/rt3-jiftyfied/lib/RT/Shredder/Record.pm:235)
[Wed Sep  5 07:13:27 2007] [warning]: RT::Model::Group-23 wiped out (/Users/jesse/svk/rt4/rt3-jiftyfied/lib/RT/Shredder/Record.pm:235)
[Wed Sep  5 07:13:27 2007] [warning]: RT::Model::Principal-23 wiped out (/Users/jesse/svk/rt4/rt3-jiftyfied/lib/RT/Shredder/Record.pm:235)
[Wed Sep  5 07:13:27 2007] [warning]: RT::Model::CachedGroupMember-30 wiped out (/Users/jesse/svk/rt4/rt3-jiftyfied/lib/RT/Shredder/Record.pm:235)
[Wed Sep  5 07:13:27 2007] [warning]: RT::Model::Transaction-21 wiped out (/Users/jesse/svk/rt4/rt3-jiftyfied/lib/RT/Shredder/Record.pm:235)
[Wed Sep  5 07:13:27 2007] [warning]: RT::Model::Group-22 wiped out (/Users/jesse/svk/rt4/rt3-jiftyfied/lib/RT/Shredder/Record.pm:235)
[Wed Sep  5 07:13:27 2007] [warning]: RT::Model::Principal-22 wiped out (/Users/jesse/svk/rt4/rt3-jiftyfied/lib/RT/Shredder/Record.pm:235)
[Wed Sep  5 07:13:27 2007] [warning]: RT::Model::Transaction-25 wiped out (/Users/jesse/svk/rt4/rt3-jiftyfied/lib/RT/Shredder/Record.pm:235)
[Wed Sep  5 07:13:27 2007] [warning]: RT::Model::Ticket-1 wiped out (/Users/jesse/svk/rt4/rt3-jiftyfied/lib/RT/Shredder/Record.pm:235)
[Wed Sep  5 07:13:27 2007] [debug]: Got a resolved(inactive) ticket with undefined resolved date. Setting to now. (/Users/jesse/svk/rt4/rt3-jiftyfied/lib/RT/Model/Ticket.pm:417)
[Wed Sep  5 07:13:27 2007] [debug]: About to think about scrips for transaction #21 (/Users/jesse/svk/rt4/rt3-jiftyfied/lib/RT/Model/Transaction.pm:355)
[Wed Sep  5 07:13:27 2007] [debug]: About to think about scrips for transaction #22 (/Users/jesse/svk/rt4/rt3-jiftyfied/lib/RT/Model/Transaction.pm:355)
[Wed Sep  5 07:13:27 2007] [debug]: About to think about scrips for transaction #23 (/Users/jesse/svk/rt4/rt3-jiftyfied/lib/RT/Model/Transaction.pm:355)
[Wed Sep  5 07:13:27 2007] [debug]: About to think about scrips for transaction #24 (/Users/jesse/svk/rt4/rt3-jiftyfied/lib/RT/Model/Transaction.pm:355)
[Wed Sep  5 07:13:27 2007] [debug]: About to think about scrips for transaction #25 (/Users/jesse/svk/rt4/rt3-jiftyfied/lib/RT/Model/Transaction.pm:355)
[Wed Sep  5 07:13:27 2007] [debug]: About to prepare scrips for transaction #25 (/Users/jesse/svk/rt4/rt3-jiftyfied/lib/RT/Model/Transaction.pm:359)
[Wed Sep  5 07:13:27 2007] [debug]: Found 2 scrips (/Users/jesse/svk/rt4/rt3-jiftyfied/lib/RT/Model/Scrips_Overlay.pm:357)
[Wed Sep  5 07:13:27 2007] [debug]: About to commit scrips for transaction #25 (/Users/jesse/svk/rt4/rt3-jiftyfied/lib/RT/Model/Transaction.pm:367)
[Wed Sep  5 07:13:27 2007] [info]: <rt-3.7.14-19409-1188976407-716.1-3-0@example.com> #1/25 - Scrip 3  (/Users/jesse/svk/rt4/rt3-jiftyfied/lib/RT/Action/SendEmail.pm:274)
[Wed Sep  5 07:13:27 2007] [info]: <rt-3.7.14-19409-1188976407-716.1-3-0@example.com> No recipients found. Not sending. (/Users/jesse/svk/rt4/rt3-jiftyfied/lib/RT/Interface/Email.pm:363)
[Wed Sep  5 07:13:27 2007] [info]: Ticket 1 Created in queue 'General' by RT_System (/Users/jesse/svk/rt4/rt3-jiftyfied/lib/RT/Model/Ticket.pm:706)
[Wed Sep  5 07:13:27 2007] [debug]: About to think about scrips for transaction #26 (/Users/jesse/svk/rt4/rt3-jiftyfied/lib/RT/Model/Transaction.pm:355)
[Wed Sep  5 07:13:27 2007] [debug]: About to think about scrips for transaction #27 (/Users/jesse/svk/rt4/rt3-jiftyfied/lib/RT/Model/Transaction.pm:355)
[Wed Sep  5 07:13:27 2007] [debug]: About to think about scrips for transaction #28 (/Users/jesse/svk/rt4/rt3-jiftyfied/lib/RT/Model/Transaction.pm:355)
[Wed Sep  5 07:13:27 2007] [debug]: About to think about scrips for transaction #29 (/Users/jesse/svk/rt4/rt3-jiftyfied/lib/RT/Model/Transaction.pm:355)
[Wed Sep  5 07:13:27 2007] [debug]: About to think about scrips for transaction #30 (/Users/jesse/svk/rt4/rt3-jiftyfied/lib/RT/Model/Transaction.pm:355)
[Wed Sep  5 07:13:27 2007] [debug]: About to prepare scrips for transaction #30 (/Users/jesse/svk/rt4/rt3-jiftyfied/lib/RT/Model/Transaction.pm:359)
[Wed Sep  5 07:13:27 2007] [debug]: Found 1 scrips (/Users/jesse/svk/rt4/rt3-jiftyfied/lib/RT/Model/Scrips_Overlay.pm:357)
[Wed Sep  5 07:13:27 2007] [debug]: About to commit scrips for transaction #30 (/Users/jesse/svk/rt4/rt3-jiftyfied/lib/RT/Model/Transaction.pm:367)
[Wed Sep  5 07:13:27 2007] [debug]: About to think about scrips for transaction #31 (/Users/jesse/svk/rt4/rt3-jiftyfied/lib/RT/Model/Transaction.pm:355)
[Wed Sep  5 07:13:27 2007] [debug]: About to prepare scrips for transaction #31 (/Users/jesse/svk/rt4/rt3-jiftyfied/lib/RT/Model/Transaction.pm:359)
[Wed Sep  5 07:13:27 2007] [debug]: Found 2 scrips (/Users/jesse/svk/rt4/rt3-jiftyfied/lib/RT/Model/Scrips_Overlay.pm:357)
[Wed Sep  5 07:13:27 2007] [debug]: About to commit scrips for transaction #31 (/Users/jesse/svk/rt4/rt3-jiftyfied/lib/RT/Model/Transaction.pm:367)
[Wed Sep  5 07:13:27 2007] [info]: <rt-3.7.14-19409-1188976407-1150.2-3-0@example.com> #2/31 - Scrip 3  (/Users/jesse/svk/rt4/rt3-jiftyfied/lib/RT/Action/SendEmail.pm:274)
[Wed Sep  5 07:13:27 2007] [info]: <rt-3.7.14-19409-1188976407-1150.2-3-0@example.com> No recipients found. Not sending. (/Users/jesse/svk/rt4/rt3-jiftyfied/lib/RT/Interface/Email.pm:363)
[Wed Sep  5 07:13:27 2007] [info]: Ticket 2 Created in queue 'General' by RT_System (/Users/jesse/svk/rt4/rt3-jiftyfied/lib/RT/Model/Ticket.pm:706)
[Wed Sep  5 07:13:27 2007] [debug]: Got a resolved(inactive) ticket with undefined resolved date. Setting to now. (/Users/jesse/svk/rt4/rt3-jiftyfied/lib/RT/Model/Ticket.pm:417)
[Wed Sep  5 07:13:27 2007] [debug]: About to think about scrips for transaction #32 (/Users/jesse/svk/rt4/rt3-jiftyfied/lib/RT/Model/Transaction.pm:355)
[Wed Sep  5 07:13:27 2007] [debug]: About to think about scrips for transaction #33 (/Users/jesse/svk/rt4/rt3-jiftyfied/lib/RT/Model/Transaction.pm:355)
[Wed Sep  5 07:13:27 2007] [debug]: About to think about scrips for transaction #34 (/Users/jesse/svk/rt4/rt3-jiftyfied/lib/RT/Model/Transaction.pm:355)
[Wed Sep  5 07:13:27 2007] [debug]: About to think about scrips for transaction #35 (/Users/jesse/svk/rt4/rt3-jiftyfied/lib/RT/Model/Transaction.pm:355)
[Wed Sep  5 07:13:27 2007] [debug]: About to think about scrips for transaction #36 (/Users/jesse/svk/rt4/rt3-jiftyfied/lib/RT/Model/Transaction.pm:355)
[Wed Sep  5 07:13:27 2007] [debug]: About to prepare scrips for transaction #36 (/Users/jesse/svk/rt4/rt3-jiftyfied/lib/RT/Model/Transaction.pm:359)
[Wed Sep  5 07:13:27 2007] [debug]: Found 1 scrips (/Users/jesse/svk/rt4/rt3-jiftyfied/lib/RT/Model/Scrips_Overlay.pm:357)
[Wed Sep  5 07:13:27 2007] [debug]: About to commit scrips for transaction #36 (/Users/jesse/svk/rt4/rt3-jiftyfied/lib/RT/Model/Transaction.pm:367)
[Wed Sep  5 07:13:27 2007] [debug]: About to think about scrips for transaction #37 (/Users/jesse/svk/rt4/rt3-jiftyfied/lib/RT/Model/Transaction.pm:355)
[Wed Sep  5 07:13:27 2007] [debug]: About to prepare scrips for transaction #37 (/Users/jesse/svk/rt4/rt3-jiftyfied/lib/RT/Model/Transaction.pm:359)
[Wed Sep  5 07:13:27 2007] [debug]: Found 2 scrips (/Users/jesse/svk/rt4/rt3-jiftyfied/lib/RT/Model/Scrips_Overlay.pm:357)
[Wed Sep  5 07:13:27 2007] [debug]: About to commit scrips for transaction #37 (/Users/jesse/svk/rt4/rt3-jiftyfied/lib/RT/Model/Transaction.pm:367)
[Wed Sep  5 07:13:27 2007] [info]: <rt-3.7.14-19409-1188976407-1460.3-3-0@example.com> #3/37 - Scrip 3  (/Users/jesse/svk/rt4/rt3-jiftyfied/lib/RT/Action/SendEmail.pm:274)
[Wed Sep  5 07:13:27 2007] [info]: <rt-3.7.14-19409-1188976407-1460.3-3-0@example.com> No recipients found. Not sending. (/Users/jesse/svk/rt4/rt3-jiftyfied/lib/RT/Interface/Email.pm:363)
[Wed Sep  5 07:13:27 2007] [info]: Ticket 3 Created in queue 'General' by RT_System (/Users/jesse/svk/rt4/rt3-jiftyfied/lib/RT/Model/Ticket.pm:706)
[Wed Sep  5 07:13:27 2007] [warning]: my page is 7 at /Users/jesse/svk/rt4/rt3-jiftyfied/lib/RT/Shredder/Plugin/Base/Search.pm line 129. (t/shredder/utils.pl:129)
[Wed Sep  5 07:13:27 2007] [warning]: my page is 8 at /Users/jesse/svk/rt4/rt3-jiftyfied/lib/RT/Shredder/Plugin/Base/Search.pm line 129. (t/shredder/utils.pl:129)
[Wed Sep  5 07:13:27 2007] [warning]: my page is 8 at /Users/jesse/svk/rt4/rt3-jiftyfied/lib/RT/Shredder/Plugin/Base/Search.pm line 129. (t/shredder/utils.pl:129)
[Wed Sep  5 07:13:27 2007] [warning]: my page is 9 at /Users/jesse/svk/rt4/rt3-jiftyfied/lib/RT/Shredder/Plugin/Base/Search.pm line 129. (t/shredder/utils.pl:129)
[Wed Sep  5 07:13:27 2007] [warning]: my page is 9 at /Users/jesse/svk/rt4/rt3-jiftyfied/lib/RT/Shredder/Plugin/Base/Search.pm line 129. (t/shredder/utils.pl:129)
[Wed Sep  5 07:13:27 2007] [warning]: my page is 10 at /Users/jesse/svk/rt4/rt3-jiftyfied/lib/RT/Shredder/Plugin/Base/Search.pm line 129. (t/shredder/utils.pl:129)
[Wed Sep  5 07:13:27 2007] [warning]: my page is 10 at /Users/jesse/svk/rt4/rt3-jiftyfied/lib/RT/Shredder/Plugin/Base/Search.pm line 129. (t/shredder/utils.pl:129)
[Wed Sep  5 07:13:27 2007] [warning]: my page is 10 at /Users/jesse/svk/rt4/rt3-jiftyfied/lib/RT/Shredder/Plugin/Base/Search.pm line 129. (t/shredder/utils.pl:129)
[Wed Sep  5 07:13:27 2007] [warning]: my page is 10 at /Users/jesse/svk/rt4/rt3-jiftyfied/lib/RT/Shredder/Plugin/Base/Search.pm line 129. (t/shredder/utils.pl:129)
[Wed Sep  5 07:13:27 2007] [warning]: my page is 10 at /Users/jesse/svk/rt4/rt3-jiftyfied/lib/RT/Shredder/Plugin/Base/Search.pm line 129. (t/shredder/utils.pl:129)
[Wed Sep  5 07:13:27 2007] [warning]: RT::Model::CachedGroupMember-45 wiped out (/Users/jesse/svk/rt4/rt3-jiftyfied/lib/RT/Shredder/Record.pm:235)
[Wed Sep  5 07:13:27 2007] [warning]: RT::Model::Transaction-35 wiped out (/Users/jesse/svk/rt4/rt3-jiftyfied/lib/RT/Shredder/Record.pm:235)
[Wed Sep  5 07:13:27 2007] [warning]: RT::Model::Group-33 wiped out (/Users/jesse/svk/rt4/rt3-jiftyfied/lib/RT/Shredder/Record.pm:235)
[Wed Sep  5 07:13:27 2007] [warning]: RT::Model::Principal-33 wiped out (/Users/jesse/svk/rt4/rt3-jiftyfied/lib/RT/Shredder/Record.pm:235)
[Wed Sep  5 07:13:27 2007] [warning]: RT::Model::CachedGroupMember-44 wiped out (/Users/jesse/svk/rt4/rt3-jiftyfied/lib/RT/Shredder/Record.pm:235)
[Wed Sep  5 07:13:27 2007] [warning]: RT::Model::Transaction-34 wiped out (/Users/jesse/svk/rt4/rt3-jiftyfied/lib/RT/Shredder/Record.pm:235)
[Wed Sep  5 07:13:27 2007] [warning]: RT::Model::Group-32 wiped out (/Users/jesse/svk/rt4/rt3-jiftyfied/lib/RT/Shredder/Record.pm:235)
[Wed Sep  5 07:13:27 2007] [warning]: RT::Model::Principal-32 wiped out (/Users/jesse/svk/rt4/rt3-jiftyfied/lib/RT/Shredder/Record.pm:235)
[Wed Sep  5 07:13:28 2007] [warning]: RT::Model::CachedGroupMember-46 wiped out (/Users/jesse/svk/rt4/rt3-jiftyfied/lib/RT/Shredder/Record.pm:235)
[Wed Sep  5 07:13:28 2007] [warning]: RT::Model::CachedGroupMember-47 wiped out (/Users/jesse/svk/rt4/rt3-jiftyfied/lib/RT/Shredder/Record.pm:235)
[Wed Sep  5 07:13:28 2007] [warning]: RT::Model::GroupMember-10 wiped out (/Users/jesse/svk/rt4/rt3-jiftyfied/lib/RT/Shredder/Record.pm:235)
[Wed Sep  5 07:13:28 2007] [warning]: RT::Model::CachedGroupMember-43 wiped out (/Users/jesse/svk/rt4/rt3-jiftyfied/lib/RT/Shredder/Record.pm:235)
[Wed Sep  5 07:13:28 2007] [warning]: RT::Model::Transaction-33 wiped out (/Users/jesse/svk/rt4/rt3-jiftyfied/lib/RT/Shredder/Record.pm:235)
[Wed Sep  5 07:13:28 2007] [warning]: RT::Model::Group-31 wiped out (/Users/jesse/svk/rt4/rt3-jiftyfied/lib/RT/Shredder/Record.pm:235)
[Wed Sep  5 07:13:28 2007] [warning]: RT::Model::Principal-31 wiped out (/Users/jesse/svk/rt4/rt3-jiftyfied/lib/RT/Shredder/Record.pm:235)
[Wed Sep  5 07:13:28 2007] [warning]: RT::Model::CachedGroupMember-42 wiped out (/Users/jesse/svk/rt4/rt3-jiftyfied/lib/RT/Shredder/Record.pm:235)
[Wed Sep  5 07:13:28 2007] [warning]: RT::Model::Transaction-32 wiped out (/Users/jesse/svk/rt4/rt3-jiftyfied/lib/RT/Shredder/Record.pm:235)
[Wed Sep  5 07:13:28 2007] [warning]: RT::Model::Group-30 wiped out (/Users/jesse/svk/rt4/rt3-jiftyfied/lib/RT/Shredder/Record.pm:235)
[Wed Sep  5 07:13:28 2007] [warning]: RT::Model::Principal-30 wiped out (/Users/jesse/svk/rt4/rt3-jiftyfied/lib/RT/Shredder/Record.pm:235)
[Wed Sep  5 07:13:28 2007] [warning]: RT::Model::Transaction-37 wiped out (/Users/jesse/svk/rt4/rt3-jiftyfied/lib/RT/Shredder/Record.pm:235)
[Wed Sep  5 07:13:28 2007] [warning]: RT::Model::Link-2 wiped out (/Users/jesse/svk/rt4/rt3-jiftyfied/lib/RT/Shredder/Record.pm:235)
[Wed Sep  5 07:13:28 2007] [warning]: RT::Model::Transaction-36 wiped out (/Users/jesse/svk/rt4/rt3-jiftyfied/lib/RT/Shredder/Record.pm:235)
[Wed Sep  5 07:13:28 2007] [warning]: RT::Model::Ticket-3 wiped out (/Users/jesse/svk/rt4/rt3-jiftyfied/lib/RT/Shredder/Record.pm:235)
[Wed Sep  5 07:13:28 2007] [warning]: RT::Model::CachedGroupMember-33 wiped out (/Users/jesse/svk/rt4/rt3-jiftyfied/lib/RT/Shredder/Record.pm:235)
[Wed Sep  5 07:13:28 2007] [warning]: RT::Model::Transaction-24 wiped out (/Users/jesse/svk/rt4/rt3-jiftyfied/lib/RT/Shredder/Record.pm:235)
[Wed Sep  5 07:13:28 2007] [warning]: RT::Model::Group-25 wiped out (/Users/jesse/svk/rt4/rt3-jiftyfied/lib/RT/Shredder/Record.pm:235)
[Wed Sep  5 07:13:28 2007] [warning]: RT::Model::Principal-25 wiped out (/Users/jesse/svk/rt4/rt3-jiftyfied/lib/RT/Shredder/Record.pm:235)
[Wed Sep  5 07:13:28 2007] [warning]: RT::Model::CachedGroupMember-32 wiped out (/Users/jesse/svk/rt4/rt3-jiftyfied/lib/RT/Shredder/Record.pm:235)
[Wed Sep  5 07:13:28 2007] [warning]: RT::Model::Transaction-23 wiped out (/Users/jesse/svk/rt4/rt3-jiftyfied/lib/RT/Shredder/Record.pm:235)
[Wed Sep  5 07:13:28 2007] [warning]: RT::Model::Group-24 wiped out (/Users/jesse/svk/rt4/rt3-jiftyfied/lib/RT/Shredder/Record.pm:235)
[Wed Sep  5 07:13:28 2007] [warning]: RT::Model::Principal-24 wiped out (/Users/jesse/svk/rt4/rt3-jiftyfied/lib/RT/Shredder/Record.pm:235)
[Wed Sep  5 07:13:28 2007] [warning]: RT::Model::CachedGroupMember-34 wiped out (/Users/jesse/svk/rt4/rt3-jiftyfied/lib/RT/Shredder/Record.pm:235)
[Wed Sep  5 07:13:28 2007] [warning]: RT::Model::CachedGroupMember-35 wiped out (/Users/jesse/svk/rt4/rt3-jiftyfied/lib/RT/Shredder/Record.pm:235)
[Wed Sep  5 07:13:28 2007] [warning]: RT::Model::GroupMember-8 wiped out (/Users/jesse/svk/rt4/rt3-jiftyfied/lib/RT/Shredder/Record.pm:235)
[Wed Sep  5 07:13:28 2007] [warning]: RT::Model::CachedGroupMember-31 wiped out (/Users/jesse/svk/rt4/rt3-jiftyfied/lib/RT/Shredder/Record.pm:235)
[Wed Sep  5 07:13:28 2007] [warning]: RT::Model::Transaction-22 wiped out (/Users/jesse/svk/rt4/rt3-jiftyfied/lib/RT/Shredder/Record.pm:235)
[Wed Sep  5 07:13:28 2007] [warning]: RT::Model::Group-23 wiped out (/Users/jesse/svk/rt4/rt3-jiftyfied/lib/RT/Shredder/Record.pm:235)
[Wed Sep  5 07:13:28 2007] [warning]: RT::Model::Principal-23 wiped out (/Users/jesse/svk/rt4/rt3-jiftyfied/lib/RT/Shredder/Record.pm:235)
[Wed Sep  5 07:13:28 2007] [warning]: RT::Model::CachedGroupMember-30 wiped out (/Users/jesse/svk/rt4/rt3-jiftyfied/lib/RT/Shredder/Record.pm:235)
[Wed Sep  5 07:13:28 2007] [warning]: RT::Model::Transaction-21 wiped out (/Users/jesse/svk/rt4/rt3-jiftyfied/lib/RT/Shredder/Record.pm:235)
[Wed Sep  5 07:13:28 2007] [warning]: RT::Model::Group-22 wiped out (/Users/jesse/svk/rt4/rt3-jiftyfied/lib/RT/Shredder/Record.pm:235)
[Wed Sep  5 07:13:28 2007] [warning]: RT::Model::Principal-22 wiped out (/Users/jesse/svk/rt4/rt3-jiftyfied/lib/RT/Shredder/Record.pm:235)
[Wed Sep  5 07:13:28 2007] [warning]: RT::Model::Transaction-25 wiped out (/Users/jesse/svk/rt4/rt3-jiftyfied/lib/RT/Shredder/Record.pm:235)
[Wed Sep  5 07:13:28 2007] [warning]: RT::Model::Transaction-30 wiped out (/Users/jesse/svk/rt4/rt3-jiftyfied/lib/RT/Shredder/Record.pm:235)
[Wed Sep  5 07:13:28 2007] [warning]: RT::Model::Link-1 wiped out (/Users/jesse/svk/rt4/rt3-jiftyfied/lib/RT/Shredder/Record.pm:235)
[Wed Sep  5 07:13:28 2007] [warning]: RT::Model::Ticket-1 wiped out (/Users/jesse/svk/rt4/rt3-jiftyfied/lib/RT/Shredder/Record.pm:235)
[Wed Sep  5 07:13:28 2007] [warning]: RT::Model::CachedGroupMember-39 wiped out (/Users/jesse/svk/rt4/rt3-jiftyfied/lib/RT/Shredder/Record.pm:235)
[Wed Sep  5 07:13:28 2007] [warning]: RT::Model::Transaction-29 wiped out (/Users/jesse/svk/rt4/rt3-jiftyfied/lib/RT/Shredder/Record.pm:235)
[Wed Sep  5 07:13:28 2007] [warning]: RT::Model::Group-29 wiped out (/Users/jesse/svk/rt4/rt3-jiftyfied/lib/RT/Shredder/Record.pm:235)
[Wed Sep  5 07:13:28 2007] [warning]: RT::Model::Principal-29 wiped out (/Users/jesse/svk/rt4/rt3-jiftyfied/lib/RT/Shredder/Record.pm:235)
[Wed Sep  5 07:13:28 2007] [warning]: RT::Model::CachedGroupMember-38 wiped out (/Users/jesse/svk/rt4/rt3-jiftyfied/lib/RT/Shredder/Record.pm:235)
[Wed Sep  5 07:13:28 2007] [warning]: RT::Model::Transaction-28 wiped out (/Users/jesse/svk/rt4/rt3-jiftyfied/lib/RT/Shredder/Record.pm:235)
[Wed Sep  5 07:13:28 2007] [warning]: RT::Model::Group-28 wiped out (/Users/jesse/svk/rt4/rt3-jiftyfied/lib/RT/Shredder/Record.pm:235)
[Wed Sep  5 07:13:28 2007] [warning]: RT::Model::Principal-28 wiped out (/Users/jesse/svk/rt4/rt3-jiftyfied/lib/RT/Shredder/Record.pm:235)
[Wed Sep  5 07:13:28 2007] [warning]: RT::Model::CachedGroupMember-40 wiped out (/Users/jesse/svk/rt4/rt3-jiftyfied/lib/RT/Shredder/Record.pm:235)
[Wed Sep  5 07:13:28 2007] [warning]: RT::Model::CachedGroupMember-41 wiped out (/Users/jesse/svk/rt4/rt3-jiftyfied/lib/RT/Shredder/Record.pm:235)
[Wed Sep  5 07:13:28 2007] [warning]: RT::Model::GroupMember-9 wiped out (/Users/jesse/svk/rt4/rt3-jiftyfied/lib/RT/Shredder/Record.pm:235)
[Wed Sep  5 07:13:28 2007] [warning]: RT::Model::CachedGroupMember-37 wiped out (/Users/jesse/svk/rt4/rt3-jiftyfied/lib/RT/Shredder/Record.pm:235)
[Wed Sep  5 07:13:28 2007] [warning]: RT::Model::Transaction-27 wiped out (/Users/jesse/svk/rt4/rt3-jiftyfied/lib/RT/Shredder/Record.pm:235)
[Wed Sep  5 07:13:28 2007] [warning]: RT::Model::Group-27 wiped out (/Users/jesse/svk/rt4/rt3-jiftyfied/lib/RT/Shredder/Record.pm:235)
[Wed Sep  5 07:13:28 2007] [warning]: RT::Model::Principal-27 wiped out (/Users/jesse/svk/rt4/rt3-jiftyfied/lib/RT/Shredder/Record.pm:235)
[Wed Sep  5 07:13:28 2007] [warning]: RT::Model::CachedGroupMember-36 wiped out (/Users/jesse/svk/rt4/rt3-jiftyfied/lib/RT/Shredder/Record.pm:235)
[Wed Sep  5 07:13:28 2007] [warning]: RT::Model::Transaction-26 wiped out (/Users/jesse/svk/rt4/rt3-jiftyfied/lib/RT/Shredder/Record.pm:235)
[Wed Sep  5 07:13:28 2007] [warning]: RT::Model::Group-26 wiped out (/Users/jesse/svk/rt4/rt3-jiftyfied/lib/RT/Shredder/Record.pm:235)
[Wed Sep  5 07:13:28 2007] [warning]: RT::Model::Principal-26 wiped out (/Users/jesse/svk/rt4/rt3-jiftyfied/lib/RT/Shredder/Record.pm:235)
[Wed Sep  5 07:13:28 2007] [warning]: RT::Model::Transaction-31 wiped out (/Users/jesse/svk/rt4/rt3-jiftyfied/lib/RT/Shredder/Record.pm:235)
[Wed Sep  5 07:13:28 2007] [warning]: RT::Model::Ticket-2 wiped out (/Users/jesse/svk/rt4/rt3-jiftyfied/lib/RT/Shredder/Record.pm:235)
